  测,c.cpp
  源.cpp
D:\c语言平时练习\作业\作业\源.cpp(205,20): error C2065: “SaveFile”: 未声明的标识符
D:\c语言平时练习\作业\作业\源.cpp(206,43): error C2065: “SaveFile”: 未声明的标识符
D:\c语言平时练习\作业\作业\源.cpp(210,25): error C2065: “LoadFile”: 未声明的标识符
D:\c语言平时练习\作业\作业\源.cpp(211,60): error C2065: “LoadFile”: 未声明的标识符
D:\c语言平时练习\作业\作业\源.cpp(816,25): error C2065: “SaveFile1”: 未声明的标识符
D:\c语言平时练习\作业\作业\源.cpp(817,66): error C2065: “SaveFile1”: 未声明的标识符
  正在生成代码...
